SF:lib\domain\entity\articles\articles_dto.g.dart
DA:11,1
DA:12,1
DA:13,1
DA:14,1
DA:15,1
DA:16,1
DA:17,1
DA:18,1
DA:19,1
DA:22,0
DA:23,0
DA:24,0
DA:25,0
DA:26,0
DA:27,0
DA:28,0
DA:29,0
DA:30,0
LF:18
LH:9
end_of_record
SF:lib\domain\entity\articles\articles_dto.dart
DA:20,1
DA:21,1
LF:2
LH:2
end_of_record
SF:lib\l10n\l10n.dart
DA:4,3
LF:1
LH:1
end_of_record
SF:lib\presentation\pages\home_page\home_page.dart
DA:21,0
DA:22,0
DA:26,4
DA:28,1
DA:29,1
DA:39,1
DA:40,2
DA:41,2
DA:43,1
DA:45,3
DA:52,2
DA:53,1
DA:55,2
DA:56,0
DA:59,0
DA:63,1
DA:64,2
DA:65,3
DA:68,1
DA:70,1
DA:71,1
DA:73,2
DA:74,0
DA:75,0
DA:76,0
DA:77,0
DA:78,0
DA:82,1
DA:85,1
DA:87,2
DA:88,1
DA:91,1
DA:93,1
DA:95,1
DA:96,3
DA:98,1
DA:101,1
DA:102,1
DA:105,3
DA:106,1
DA:107,1
DA:108,2
DA:109,1
DA:111,2
DA:118,0
DA:120,2
DA:126,0
DA:127,0
DA:128,0
DA:130,0
DA:131,0
DA:132,0
DA:133,0
DA:134,0
DA:135,0
DA:136,0
DA:142,0
DA:143,0
DA:144,0
DA:145,0
DA:151,0
DA:152,0
DA:153,0
DA:154,0
DA:156,0
DA:159,0
DA:160,0
DA:161,0
DA:164,0
DA:169,0
DA:170,0
DA:171,0
DA:172,0
DA:174,0
DA:175,0
DA:176,0
DA:178,0
DA:179,0
DA:183,0
DA:184,0
DA:185,0
DA:186,0
DA:187,0
DA:192,0
DA:200,0
DA:201,0
DA:202,0
LF:87
LH:36
end_of_record
SF:lib\presentation\pages\login_page\login_page.dart
DA:17,4
DA:19,1
DA:20,1
DA:33,1
DA:35,2
DA:36,1
DA:39,1
DA:41,1
DA:43,1
DA:44,1
DA:47,1
DA:55,1
DA:56,1
DA:57,0
DA:60,1
DA:61,1
DA:63,1
DA:64,1
DA:65,1
DA:67,1
DA:68,1
DA:69,1
DA:70,1
DA:71,1
DA:72,1
DA:76,1
DA:77,1
DA:78,1
DA:80,1
DA:81,0
DA:82,0
DA:83,0
DA:84,0
DA:88,1
DA:90,5
DA:91,1
DA:92,1
DA:93,1
DA:95,1
DA:96,1
DA:97,3
DA:98,2
DA:104,1
DA:106,1
DA:108,1
DA:109,2
DA:110,1
DA:113,1
DA:115,5
DA:116,1
DA:117,1
DA:118,2
DA:120,1
DA:121,1
DA:123,3
DA:125,2
DA:135,1
DA:136,1
DA:138,1
DA:139,4
DA:140,1
DA:144,1
DA:145,1
DA:147,3
DA:150,1
DA:151,1
DA:153,3
DA:155,1
DA:157,0
DA:158,0
DA:160,0
DA:161,0
DA:163,0
DA:168,1
DA:169,1
DA:170,1
DA:172,1
DA:175,1
DA:176,3
DA:177,3
DA:179,1
DA:180,1
DA:181,1
DA:182,4
DA:183,0
DA:184,0
DA:185,0
DA:186,0
LF:88
LH:74
end_of_record
SF:lib\presentation\pages\login_page\widgets\global_button.dart
DA:13,1
DA:19,1
DA:21,1
DA:22,1
DA:28,1
DA:30,1
DA:31,0
DA:32,0
DA:33,0
DA:35,0
DA:36,0
DA:37,0
DA:38,0
DA:42,1
DA:43,1
DA:44,3
DA:45,1
DA:46,1
DA:47,1
DA:48,1
DA:51,1
DA:52,1
DA:53,2
DA:54,1
DA:56,3
LF:25
LH:18
end_of_record
SF:lib\presentation\pages\login_page\widgets\login_button.dart
DA:13,1
DA:22,1
DA:24,1
DA:26,1
DA:27,2
DA:28,1
DA:29,1
DA:30,1
DA:32,1
DA:34,1
DA:35,1
DA:37,1
DA:39,1
DA:40,1
DA:41,1
DA:43,1
DA:46,2
DA:49,1
DA:51,1
DA:52,2
DA:53,1
LF:21
LH:21
end_of_record
SF:lib\presentation\pages\news_page\news_page.dart
DA:16,2
DA:18,1
DA:19,1
DA:26,1
DA:28,2
DA:29,4
DA:31,1
DA:34,1
DA:36,1
DA:37,2
DA:40,1
DA:42,1
DA:44,1
DA:45,4
DA:46,0
DA:48,2
DA:51,1
DA:52,1
DA:53,1
DA:54,1
DA:55,1
DA:56,2
DA:57,1
DA:59,2
DA:64,1
DA:66,1
DA:67,1
DA:68,1
DA:70,1
DA:71,1
DA:72,1
DA:74,3
DA:75,1
DA:77,3
DA:81,1
DA:83,1
DA:86,1
DA:88,1
DA:90,1
DA:91,2
DA:92,4
DA:94,1
DA:96,2
DA:103,1
DA:105,1
DA:108,1
DA:110,1
DA:112,4
DA:113,1
DA:115,2
DA:118,1
DA:122,1
DA:124,1
DA:126,1
DA:127,1
DA:134,1
DA:135,1
DA:136,1
DA:139,1
DA:140,1
DA:141,1
DA:142,2
DA:143,0
DA:144,0
DA:145,0
DA:147,0
DA:149,0
DA:150,0
DA:152,0
DA:153,0
DA:156,1
DA:158,2
DA:163,1
DA:165,1
DA:166,4
DA:168,1
DA:169,2
DA:170,1
DA:172,2
DA:188,1
DA:189,1
DA:190,1
DA:193,1
DA:194,1
DA:195,1
DA:196,3
DA:197,1
DA:199,2
DA:201,1
DA:208,1
DA:209,3
DA:210,1
DA:212,2
DA:215,1
DA:227,1
DA:228,2
DA:229,0
DA:230,0
DA:238,1
DA:239,2
LF:100
LH:89
end_of_record
SF:lib\presentation\pages\search_page\search_page.dart
DA:19,4
DA:21,1
DA:22,1
DA:32,1
DA:34,2
DA:35,1
DA:38,1
DA:40,1
DA:42,1
DA:43,1
DA:46,1
DA:48,2
DA:54,1
DA:55,1
DA:56,0
DA:57,0
DA:58,0
DA:59,0
DA:60,0
DA:61,0
DA:67,1
DA:68,1
DA:69,1
DA:71,1
DA:73,1
DA:74,1
DA:77,1
DA:78,1
DA:79,1
DA:80,3
DA:82,1
DA:85,1
DA:88,1
DA:90,2
DA:91,1
DA:92,5
DA:93,1
DA:94,1
DA:95,3
DA:96,1
DA:98,2
DA:101,1
DA:106,0
DA:108,0
DA:109,0
DA:110,0
DA:111,0
DA:112,0
DA:113,0
DA:115,0
DA:116,0
DA:117,0
DA:119,0
DA:122,0
DA:123,0
DA:124,0
DA:125,0
DA:126,0
DA:131,0
DA:139,0
DA:140,0
DA:141,0
DA:154,1
DA:156,1
DA:157,1
DA:158,1
DA:159,1
DA:160,2
DA:161,0
DA:162,0
DA:165,1
DA:166,3
DA:167,2
DA:170,1
DA:171,1
DA:172,1
DA:173,5
DA:174,3
DA:176,1
DA:177,3
DA:178,1
DA:180,2
DA:183,1
LF:83
LH:55
end_of_record
SF:lib\presentation\pages\settings_page\pages\about_us.dart
DA:11,3
DA:15,1
DA:17,1
DA:18,1
DA:22,1
DA:24,1
DA:25,2
DA:26,1
DA:27,1
DA:28,2
DA:29,1
DA:31,3
DA:36,2
DA:38,1
DA:40,1
DA:41,1
DA:42,1
DA:44,1
DA:45,2
DA:46,1
DA:48,3
DA:50,3
DA:58,1
DA:60,1
DA:62,1
DA:63,1
DA:64,2
DA:66,1
DA:67,1
DA:68,1
DA:70,1
DA:72,3
DA:75,3
DA:77,1
DA:79,1
DA:81,3
DA:84,3
DA:89,1
DA:91,1
DA:92,2
DA:93,1
DA:95,3
DA:97,3
DA:102,1
DA:103,1
DA:104,1
DA:106,1
DA:108,1
DA:110,4
DA:111,1
DA:113,1
DA:115,3
DA:119,3
DA:124,1
DA:126,1
DA:127,2
DA:128,1
DA:130,3
DA:132,3
DA:137,1
DA:139,1
DA:141,1
DA:143,1
DA:145,3
DA:149,3
LF:65
LH:65
end_of_record
SF:lib\presentation\pages\settings_page\settings_page.dart
DA:16,1
DA:17,1
DA:18,1
DA:19,1
DA:21,1
DA:25,1
DA:28,1
DA:34,1
DA:35,2
DA:37,1
DA:40,1
DA:50,4
DA:52,1
DA:53,1
DA:61,1
DA:63,1
DA:66,1
DA:68,1
DA:70,1
DA:71,1
DA:74,1
DA:76,2
DA:82,1
DA:83,1
DA:84,0
DA:87,1
DA:88,1
DA:90,1
DA:92,1
DA:93,1
DA:96,1
DA:97,1
DA:99,1
DA:102,1
DA:104,1
DA:105,1
DA:106,1
DA:115,1
DA:116,3
DA:117,1
DA:119,2
DA:124,1
DA:126,1
DA:127,1
DA:128,2
DA:129,1
DA:130,1
DA:138,1
DA:140,1
DA:141,1
DA:142,4
DA:143,1
DA:145,0
DA:146,0
DA:147,0
DA:148,0
DA:152,1
DA:156,1
DA:158,1
DA:159,3
DA:161,1
DA:163,2
DA:164,1
DA:169,1
DA:171,2
DA:175,0
DA:176,0
DA:177,0
DA:181,1
DA:183,3
DA:184,1
DA:185,1
DA:186,1
DA:187,3
DA:189,1
DA:190,1
DA:191,1
LF:77
LH:69
end_of_record
SF:lib\presentation\pages\settings_page\widgets\page_button.dart
DA:11,1
DA:18,1
DA:20,1
DA:22,1
DA:24,1
DA:25,1
DA:26,1
DA:27,1
DA:29,1
DA:30,1
DA:31,1
DA:32,1
DA:34,2
DA:37,2
DA:40,1
DA:41,1
DA:47,1
DA:49,1
LF:18
LH:18
end_of_record
SF:lib\presentation\pages\splash_page\splash_page.dart
DA:12,4
DA:14,1
DA:15,1
DA:19,0
DA:24,1
DA:26,1
DA:27,3
DA:28,1
DA:29,1
DA:30,1
DA:31,3
DA:32,3
DA:35,2
DA:36,0
DA:46,1
DA:48,1
DA:49,2
DA:51,1
DA:53,1
DA:54,1
DA:55,1
DA:56,1
DA:57,1
LF:23
LH:21
end_of_record
SF:lib\presentation\widgets\custom_text_field.dart
DA:16,1
DA:27,2
DA:29,1
DA:31,1
DA:33,1
DA:35,1
DA:40,1
DA:44,1
DA:45,1
DA:46,1
DA:47,1
DA:49,1
DA:51,1
DA:52,2
DA:53,1
DA:54,1
DA:55,1
DA:56,1
DA:57,1
DA:58,1
DA:59,1
DA:62,1
DA:65,1
DA:66,1
LF:24
LH:24
end_of_record
SF:lib\presentation\widgets\news_card.dart
DA:12,2
DA:18,0
DA:20,1
DA:22,1
DA:31,1
DA:32,1
DA:33,1
DA:35,1
DA:37,1
DA:39,1
DA:44,1
DA:47,1
DA:48,1
DA:50,1
DA:51,2
DA:53,2
LF:16
LH:15
end_of_record
SF:lib\route_manager\route_manager.dart
DA:15,3
DA:17,2
DA:21,2
DA:23,1
DA:24,1
DA:25,1
DA:26,1
DA:30,1
DA:31,0
DA:33,0
DA:34,0
DA:37,1
DA:38,0
DA:42,1
DA:43,1
DA:47,1
DA:48,1
DA:52,1
DA:53,0
DA:57,1
DA:58,1
DA:62,1
DA:63,1
DA:65,1
DA:66,2
DA:67,2
DA:71,0
DA:78,1
DA:82,1
DA:84,1
LF:30
LH:24
end_of_record
SF:lib\shared\init.dart
DA:5,1
DA:6,1
DA:7,1
LF:3
LH:3
end_of_record
SF:lib\shared\locator.dart
DA:7,3
DA:10,1
DA:11,5
DA:12,3
DA:16,1
DA:17,4
LF:6
LH:6
end_of_record
SF:lib\store\application\app_state.dart
DA:30,1
DA:40,1
DA:41,1
DA:42,1
DA:43,1
DA:44,1
DA:45,1
DA:46,1
DA:47,1
DA:48,1
DA:52,1
DA:53,1
DA:54,2
DA:55,2
DA:56,2
DA:57,2
DA:58,2
DA:59,2
DA:60,2
DA:64,4
DA:65,1
DA:66,1
DA:67,1
DA:68,1
LF:24
LH:24
end_of_record
SF:lib\domain\entity\news_list\news_list_dto.dart
DA:18,1
DA:19,1
LF:2
LH:2
end_of_record
SF:lib\domain\entity\news_list\news_list_dto.g.dart
DA:11,1
DA:12,1
DA:13,1
DA:14,1
DA:15,1
DA:16,3
DA:17,1
DA:20,0
DA:21,0
DA:22,0
DA:23,0
DA:24,0
LF:12
LH:7
end_of_record
SF:lib\domain\entity\push_notification.dart
DA:2,0
LF:1
LH:0
end_of_record
SF:lib\domain\service\analitics_service.dart
DA:7,0
DA:11,0
DA:12,0
DA:14,0
DA:19,0
DA:20,0
DA:22,0
DA:27,0
DA:28,0
DA:30,0
DA:35,0
DA:36,0
DA:38,0
DA:44,0
DA:45,0
DA:47,0
DA:53,0
DA:54,0
DA:56,0
LF:19
LH:0
end_of_record
SF:lib\domain\service\network_service\network_service.dart
DA:8,3
DA:10,2
DA:14,1
DA:15,2
DA:16,3
DA:17,1
DA:19,4
DA:20,1
LF:8
LH:8
end_of_record
SF:lib\network\news_dao.dart
DA:7,0
DA:8,0
DA:11,0
DA:12,0
DA:15,0
DA:16,0
LF:6
LH:0
end_of_record
SF:lib\network\news_repository.dart
DA:6,1
DA:7,4
DA:12,0
DA:13,0
DA:18,1
DA:19,4
LF:6
LH:4
end_of_record
SF:lib\network\rest_api.g.dart
DA:12,1
DA:13,1
DA:21,1
DA:23,1
DA:27,1
DA:28,1
DA:29,3
DA:30,2
DA:32,3
DA:35,2
DA:36,2
DA:41,0
DA:44,0
DA:48,0
DA:49,0
DA:50,0
DA:51,0
DA:53,0
DA:54,0
DA:56,0
DA:57,0
DA:62,1
DA:64,1
DA:65,1
DA:66,1
DA:67,4
DA:68,1
DA:70,3
DA:71,1
DA:73,2
DA:74,2
DA:78,1
DA:79,1
DA:80,2
DA:81,2
DA:82,1
DA:83,0
DA:85,1
LF:38
LH:27
end_of_record
SF:lib\presentation\layouts\main_layouts.dart
DA:17,1
DA:24,1
DA:26,1
DA:27,1
DA:31,1
DA:33,1
DA:35,1
DA:36,1
DA:37,1
DA:38,2
DA:39,2
DA:40,1
DA:41,1
DA:42,1
DA:43,2
DA:44,1
DA:46,2
DA:53,2
DA:54,1
DA:55,1
DA:56,1
DA:58,2
DA:60,1
DA:62,1
DA:64,2
DA:65,1
DA:67,1
DA:69,2
DA:70,1
DA:72,1
DA:74,2
DA:75,1
DA:79,2
DA:80,1
DA:81,1
DA:82,2
DA:84,1
DA:85,2
DA:94,0
DA:95,0
DA:96,0
DA:97,0
DA:99,0
DA:100,0
DA:102,0
DA:103,0
DA:105,0
DA:106,0
DA:109,0
DA:110,0
LF:50
LH:38
end_of_record
SF:lib\presentation\layouts\main_layouts_vm.dart
DA:10,1
DA:15,1
DA:16,1
DA:17,1
DA:18,1
LF:5
LH:5
end_of_record
SF:lib\res\app_styles.dart
DA:23,1
DA:36,1
DA:37,1
DA:38,1
DA:40,1
DA:41,1
DA:47,1
DA:48,1
DA:49,1
DA:51,1
DA:52,1
LF:11
LH:11
end_of_record
SF:lib\store\settings\settings_selector.dart
DA:6,1
DA:7,3
DA:10,1
DA:11,3
DA:14,1
DA:15,3
DA:18,1
DA:19,0
LF:8
LH:7
end_of_record
SF:lib\presentation\pages\fav_page\fav_page.dart
DA:15,2
DA:17,0
DA:18,0
DA:26,0
DA:28,0
DA:29,0
DA:30,0
DA:33,0
DA:35,0
DA:37,0
DA:38,0
DA:40,0
DA:41,0
DA:44,0
DA:46,0
DA:52,0
DA:53,0
DA:54,0
DA:57,0
DA:58,0
DA:59,0
DA:61,0
DA:62,0
DA:64,0
DA:66,0
DA:67,0
DA:68,0
DA:69,0
DA:70,0
DA:71,0
DA:73,0
DA:74,0
DA:75,0
DA:77,0
DA:78,0
DA:82,0
DA:83,0
DA:84,0
DA:85,0
DA:86,0
DA:91,0
LF:41
LH:1
end_of_record
SF:lib\presentation\pages\fav_page\fav_page_vm.dart
DA:18,0
DA:28,0
DA:29,0
DA:30,0
DA:31,0
DA:32,0
DA:33,0
DA:34,0
DA:35,0
DA:36,0
LF:10
LH:0
end_of_record
SF:lib\presentation\widgets\silver_grid_delegate.dart
DA:10,6
DA:17,0
DA:19,0
DA:20,0
DA:21,0
DA:23,0
DA:24,0
DA:25,0
DA:26,0
DA:29,0
DA:33,0
DA:35,0
DA:36,0
DA:37,0
DA:38,0
LF:15
LH:1
end_of_record
SF:lib\route_manager\models\news_page_data.dart
DA:6,0
LF:1
LH:0
end_of_record
SF:lib\store\fav\fav_selectors.dart
DA:7,1
DA:8,0
DA:11,1
DA:12,0
DA:15,1
DA:16,0
DA:19,1
DA:20,3
DA:23,0
DA:24,0
LF:10
LH:5
end_of_record
SF:lib\store\news\news_selector.dart
DA:7,1
DA:8,3
DA:11,1
DA:12,0
DA:15,1
DA:16,0
DA:19,1
DA:20,3
DA:23,1
DA:24,3
LF:10
LH:8
end_of_record
SF:lib\presentation\pages\home_page\home_page_vm.dart
DA:18,1
DA:28,1
DA:29,1
DA:30,1
DA:31,1
DA:32,1
DA:33,1
DA:34,1
DA:35,1
DA:36,1
DA:37,1
LF:11
LH:11
end_of_record
SF:lib\store\loader\loader_selector.dart
DA:5,1
DA:6,3
LF:2
LH:2
end_of_record
SF:lib\presentation\pages\login_page\login_page_vm.dart
DA:14,1
DA:23,1
DA:24,1
DA:25,1
DA:26,1
DA:27,1
DA:28,1
DA:29,1
DA:30,1
LF:9
LH:9
end_of_record
SF:lib\res\app_fonts.dart
DA:5,0
DA:12,0
DA:20,0
DA:27,3
DA:29,1
DA:34,0
DA:41,0
DA:47,0
DA:54,0
DA:62,0
DA:69,3
DA:71,1
DA:75,3
DA:77,1
DA:82,3
DA:84,1
DA:88,3
DA:90,1
LF:18
LH:10
end_of_record
SF:lib\store\login\login_selector.dart
DA:6,1
DA:7,3
DA:10,1
DA:11,0
DA:14,1
DA:15,0
DA:18,1
DA:19,3
DA:22,1
DA:23,0
LF:10
LH:7
end_of_record
SF:lib\presentation\pages\news_page\news_page_vm.dart
DA:15,1
DA:24,1
DA:25,1
DA:26,1
DA:27,1
DA:28,1
DA:29,1
DA:30,1
DA:31,1
LF:9
LH:9
end_of_record
SF:lib\presentation\pages\search_page\search_page_vm.dart
DA:19,1
DA:31,1
DA:32,1
DA:33,1
DA:34,1
DA:35,1
DA:36,1
DA:37,1
DA:38,1
DA:39,1
DA:40,1
DA:41,1
LF:12
LH:12
end_of_record
SF:lib\store\search_news\search_news_selcor.dart
DA:7,1
DA:8,3
DA:11,1
DA:12,3
DA:15,1
DA:16,3
DA:19,1
DA:20,0
DA:23,1
DA:24,3
DA:27,1
DA:28,3
LF:12
LH:11
end_of_record
SF:lib\presentation\pages\settings_page\sttings_page_vm.dart
DA:15,1
DA:24,1
DA:25,1
DA:26,1
DA:27,1
DA:28,1
DA:29,1
DA:30,1
DA:31,1
LF:9
LH:9
end_of_record
SF:lib\route_manager\models\about_us_page_data.dart
DA:5,1
LF:1
LH:1
end_of_record
SF:lib\store\language\language_selrctor.dart
DA:8,1
DA:9,3
DA:12,1
DA:15,0
LF:4
LH:3
end_of_record
SF:lib\store\fav\fav_epic.dart
DA:15,4
DA:17,1
DA:18,2
DA:19,0
DA:20,0
DA:22,0
DA:23,0
DA:24,0
DA:25,0
DA:26,0
DA:27,0
DA:28,0
DA:34,1
DA:35,2
DA:36,0
DA:37,0
DA:39,0
DA:40,0
DA:42,0
DA:45,0
DA:47,0
DA:49,0
DA:50,0
DA:51,0
DA:52,0
DA:53,0
DA:54,0
DA:55,0
DA:56,0
DA:57,0
DA:59,0
DA:61,0
DA:66,1
DA:67,2
DA:68,0
DA:69,0
DA:71,0
DA:74,0
DA:75,0
DA:77,0
DA:79,0
DA:80,0
DA:81,0
DA:82,0
DA:87,0
DA:88,0
DA:89,0
DA:91,0
DA:92,0
LF:49
LH:7
end_of_record
SF:lib\store\fav\fav_reducer.dart
DA:5,1
DA:6,1
DA:7,0
DA:8,1
DA:9,0
DA:10,1
DA:11,0
DA:17,0
DA:18,0
DA:19,0
DA:20,0
DA:22,0
DA:25,0
DA:26,0
DA:27,0
DA:28,0
DA:32,0
DA:33,0
LF:18
LH:4
end_of_record
SF:lib\store\fav\fav_state.dart
DA:6,1
DA:7,2
DA:10,1
DA:12,0
DA:13,0
DA:14,0
LF:6
LH:3
end_of_record
SF:lib\store\language\language_reducer.dart
DA:6,1
DA:7,1
DA:8,0
DA:14,0
DA:15,0
LF:5
LH:2
end_of_record
SF:lib\store\language\language_state.dart
DA:6,2
DA:10,1
DA:14,0
DA:15,0
DA:16,0
LF:5
LH:2
end_of_record
SF:lib\store\loader\loader_reducer.dart
DA:4,1
DA:5,1
DA:6,1
DA:12,1
DA:13,2
LF:5
LH:5
end_of_record
SF:lib\store\loader\loader_state.dart
DA:4,3
DA:8,1
DA:12,1
DA:13,1
DA:14,0
LF:5
LH:4
end_of_record
SF:lib\store\login\login_epic.dart
DA:21,4
DA:23,1
DA:24,2
DA:25,0
DA:26,0
DA:28,0
DA:31,0
DA:32,0
DA:33,0
DA:34,0
DA:35,0
DA:36,0
DA:39,0
DA:45,1
DA:46,1
DA:47,2
DA:48,0
DA:50,0
DA:51,0
DA:52,0
DA:53,0
DA:54,0
DA:55,0
DA:56,0
DA:57,0
DA:58,0
DA:61,0
DA:68,1
DA:69,2
DA:70,1
DA:71,2
DA:72,1
DA:73,1
DA:76,2
DA:77,0
DA:78,0
DA:79,0
DA:80,0
DA:81,0
DA:82,0
DA:85,0
LF:41
LH:13
end_of_record
SF:lib\store\login\login_reducer.dart
DA:4,1
DA:5,1
DA:6,0
DA:7,1
DA:8,0
DA:13,0
DA:14,0
DA:17,0
DA:18,0
LF:9
LH:3
end_of_record
SF:lib\store\login\login_state.dart
DA:8,1
DA:9,1
DA:12,1
DA:18,0
DA:19,0
DA:20,0
DA:21,0
DA:22,0
LF:8
LH:3
end_of_record
SF:lib\store\news\news_epic.dart
DA:14,4
DA:16,1
DA:17,2
DA:18,1
DA:19,4
DA:21,3
DA:26,1
DA:27,2
DA:28,0
DA:29,0
DA:30,0
DA:32,0
DA:34,0
DA:36,0
DA:41,1
DA:42,2
DA:43,0
DA:44,0
DA:46,0
DA:48,0
DA:50,0
LF:21
LH:10
end_of_record
SF:lib\store\news\news_reducer.dart
DA:5,1
DA:6,1
DA:7,1
DA:8,1
DA:9,0
DA:10,1
DA:11,0
DA:12,1
DA:13,0
DA:19,1
DA:20,2
DA:23,0
DA:24,0
DA:29,0
DA:30,0
DA:31,0
DA:35,0
DA:36,0
LF:18
LH:8
end_of_record
SF:lib\store\news\news_state.dart
DA:7,1
DA:17,3
DA:22,1
DA:23,1
DA:24,0
DA:25,1
LF:6
LH:5
end_of_record
SF:lib\store\search_news\search_news_epic.dart
DA:15,4
DA:17,1
DA:18,2
DA:19,1
DA:20,2
DA:21,6
DA:22,3
DA:23,0
DA:25,3
DA:28,0
DA:33,1
DA:34,2
DA:35,0
DA:36,0
DA:39,0
DA:41,0
DA:43,0
DA:48,1
DA:49,2
DA:50,1
DA:51,3
DA:53,6
DA:54,4
DA:56,3
LF:24
LH:17
end_of_record
SF:lib\store\search_news\search_news_reducer.dart
DA:4,1
DA:5,1
DA:6,1
DA:7,1
DA:8,1
DA:9,1
DA:10,1
DA:16,1
DA:17,2
DA:20,1
DA:21,2
DA:24,1
DA:25,2
LF:13
LH:13
end_of_record
SF:lib\store\search_news\search_news_state.dart
DA:7,1
DA:14,3
DA:19,1
DA:20,1
DA:21,1
DA:22,1
LF:6
LH:6
end_of_record
SF:lib\store\settings\settings_reducer.dart
DA:5,1
DA:6,1
DA:7,1
DA:8,1
DA:9,0
DA:14,1
DA:15,2
DA:18,0
DA:19,0
DA:20,0
LF:10
LH:6
end_of_record
SF:lib\store\settings\settings_state.dart
DA:5,3
DA:10,1
DA:14,1
DA:15,1
DA:16,0
DA:17,1
LF:6
LH:5
end_of_record
SF:lib\store\base_action.dart
DA:4,1
LF:1
LH:1
end_of_record
SF:lib\store\fav\fav_actions.dart
DA:7,0
DA:9,0
DA:13,0
DA:19,0
DA:21,0
DA:27,0
DA:29,0
DA:35,0
DA:37,0
LF:9
LH:0
end_of_record
SF:lib\store\language\language_action.dart
DA:6,0
DA:8,0
LF:2
LH:0
end_of_record
SF:lib\store\loader\loader_actions.dart
DA:6,1
DA:8,1
LF:2
LH:2
end_of_record
SF:lib\store\login\login_actions.dart
DA:8,0
DA:11,0
DA:17,0
DA:19,0
DA:25,0
DA:27,0
DA:34,0
DA:37,0
DA:41,2
DA:45,0
LF:10
LH:1
end_of_record
SF:lib\store\news\news_actions.dart
DA:8,0
DA:10,0
DA:16,0
DA:18,0
DA:24,0
DA:26,0
DA:30,0
DA:34,2
DA:40,0
DA:42,0
DA:48,1
DA:50,1
LF:12
LH:3
end_of_record
SF:lib\store\search_news\search_news_actions.dart
DA:7,1
DA:9,1
DA:16,1
DA:19,1
DA:23,2
DA:30,1
DA:33,1
DA:40,0
DA:43,0
DA:49,1
DA:51,1
LF:11
LH:9
end_of_record
SF:lib\store\settings\settings_actions.dart
DA:6,1
DA:8,1
DA:14,0
DA:16,0
LF:4
LH:2
end_of_record
